<?xml version="1.0" encoding="UTF-8"?>
<testsuite name="tests.LoginTests" tests="1" skipped="0" failures="0" errors="0" timestamp="2023-01-10T10:49:14" hostname="LAPTOP-AP8CUR31" time="0.306">
  <properties/>
  <testcase name="loginSuccess" classname="tests.LoginTests" time="0.306"/>
  <system-out><![CDATA[]]></system-out>
  <system-err><![CDATA[]]></system-err>
</testsuite>
