<?xml version="1.0" encoding="UTF-8"?>
<testsuite name="tests.LoginTests" tests="1" skipped="0" failures="0" errors="0" timestamp="2023-01-10T19:47:21" hostname="LAPTOP-AP8CUR31" time="1.546">
  <properties/>
  <testcase name="loginUnregisterUser" classname="tests.LoginTests" time="1.546"/>
  <system-out><![CDATA[Wrong email or password
]]></system-out>
  <system-err><![CDATA[]]></system-err>
</testsuite>
