<?xml version="1.0" encoding="UTF-8"?>
<testsuite name="tests.LoginTests" tests="1" skipped="0" failures="0" errors="0" timestamp="2023-01-28T06:58:51" hostname="LAPTOP-AP8CUR31" time="2.49">
  <properties/>
  <testcase name="loginWrongEmail" classname="tests.LoginTests" time="2.49"/>
  <system-out><![CDATA[Wrong email or password
]]></system-out>
  <system-err><![CDATA[]]></system-err>
</testsuite>
